<?xml version="1.0" encoding="UTF-8"?>
<testsuites>
  <testsuite name="CodeIgniter Application Test Suite" tests="1" assertions="1" errors="0" failures="0" skipped="0" time="0.279253">
    <testsuite name="Login_test" file="/home/vagrant/Code/docs/application/tests/controllers/Login_test.php" tests="1" assertions="1" errors="0" failures="0" skipped="0" time="0.279253">
      <testcase name="test_index" class="Login_test" classname="Login_test" file="/home/vagrant/Code/docs/application/tests/controllers/Login_test.php" line="5" assertions="1" time="0.279253"/>
    </testsuite>
  </testsuite>
</testsuites>
