<?xml version="1.0" encoding="UTF-8"?>
<testsuites>
  <testsuite name="CodeIgniter Application Test Suite" tests="20" assertions="27" errors="0" failures="0" skipped="0" time="1.060956">
    <testsuite name="Home_controller_test" file="/home/vagrant/Code/docs-ci/application/tests/controllers/Home_controller_test.php" tests="1" assertions="2" errors="0" failures="0" skipped="0" time="0.089421">
      <testcase name="test_index_redirect" class="Home_controller_test" classname="Home_controller_test" file="/home/vagrant/Code/docs-ci/application/tests/controllers/Home_controller_test.php" line="5" assertions="2" time="0.089421"/>
    </testsuite>
    <testsuite name="Login_controller_test" file="/home/vagrant/Code/docs-ci/application/tests/controllers/Login_controller_test.php" tests="1" assertions="1" errors="0" failures="0" skipped="0" time="0.047679">
      <testcase name="test_index" class="Login_controller_test" classname="Login_controller_test" file="/home/vagrant/Code/docs-ci/application/tests/controllers/Login_controller_test.php" line="5" assertions="1" time="0.047679"/>
    </testsuite>
    <testsuite name="Auth_library_test" file="/home/vagrant/Code/docs-ci/application/tests/libraries/Auth_library_test.php" tests="7" assertions="7" errors="0" failures="0" skipped="0" time="0.283904">
      <testcase name="test_get_user_by_right_credential" class="Auth_library_test" classname="Auth_library_test" file="/home/vagrant/Code/docs-ci/application/tests/libraries/Auth_library_test.php" line="20" assertions="1" time="0.050093"/>
      <testcase name="test_get_user_by_wrong_credential" class="Auth_library_test" classname="Auth_library_test" file="/home/vagrant/Code/docs-ci/application/tests/libraries/Auth_library_test.php" line="25" assertions="1" time="0.036261"/>
      <testcase name="test_get_user_by_right_authorization_header" class="Auth_library_test" classname="Auth_library_test" file="/home/vagrant/Code/docs-ci/application/tests/libraries/Auth_library_test.php" line="30" assertions="1" time="0.035916"/>
      <testcase name="test_get_user_by_wrong_authorization_header" class="Auth_library_test" classname="Auth_library_test" file="/home/vagrant/Code/docs-ci/application/tests/libraries/Auth_library_test.php" line="36" assertions="1" time="0.039317"/>
      <testcase name="test_get_user_by_session" class="Auth_library_test" classname="Auth_library_test" file="/home/vagrant/Code/docs-ci/application/tests/libraries/Auth_library_test.php" line="42" assertions="1" time="0.038826"/>
      <testcase name="test_system_is_admin" class="Auth_library_test" classname="Auth_library_test" file="/home/vagrant/Code/docs-ci/application/tests/libraries/Auth_library_test.php" line="57" assertions="1" time="0.041076"/>
      <testcase name="test_user01_is_not_admin" class="Auth_library_test" classname="Auth_library_test" file="/home/vagrant/Code/docs-ci/application/tests/libraries/Auth_library_test.php" line="62" assertions="1" time="0.042415"/>
    </testsuite>
    <testsuite name="Core_client_library_test" file="/home/vagrant/Code/docs-ci/application/tests/libraries/Core_client_library_test.php" tests="5" assertions="11" errors="0" failures="0" skipped="0" time="0.195159">
      <testcase name="test_empty_xml_response" class="Core_client_library_test" classname="Core_client_library_test" file="/home/vagrant/Code/docs-ci/application/tests/libraries/Core_client_library_test.php" line="12" assertions="2" time="0.039422"/>
      <testcase name="test_xml_response_with_console_message" class="Core_client_library_test" classname="Core_client_library_test" file="/home/vagrant/Code/docs-ci/application/tests/libraries/Core_client_library_test.php" line="19" assertions="2" time="0.034523"/>
      <testcase name="test_xml_response_with_location_message" class="Core_client_library_test" classname="Core_client_library_test" file="/home/vagrant/Code/docs-ci/application/tests/libraries/Core_client_library_test.php" line="32" assertions="2" time="0.036547"/>
      <testcase name="test_xml_response_with_output_message" class="Core_client_library_test" classname="Core_client_library_test" file="/home/vagrant/Code/docs-ci/application/tests/libraries/Core_client_library_test.php" line="45" assertions="3" time="0.038197"/>
      <testcase name="test_xml_response_with_output_message_and_post_update_action" class="Core_client_library_test" classname="Core_client_library_test" file="/home/vagrant/Code/docs-ci/application/tests/libraries/Core_client_library_test.php" line="61" assertions="2" time="0.046470"/>
    </testsuite>
    <testsuite name="Dms_factory_library_test" file="/home/vagrant/Code/docs-ci/application/tests/libraries/Dms_factory_library_test.php" tests="2" assertions="2" errors="0" failures="0" skipped="0" time="0.171162">
      <testcase name="test_client_with_existing_provider" class="Dms_factory_library_test" classname="Dms_factory_library_test" file="/home/vagrant/Code/docs-ci/application/tests/libraries/Dms_factory_library_test.php" line="14" assertions="1" time="0.134412"/>
      <testcase name="test_client_with_invalid_provider" class="Dms_factory_library_test" classname="Dms_factory_library_test" file="/home/vagrant/Code/docs-ci/application/tests/libraries/Dms_factory_library_test.php" line="19" assertions="1" time="0.036750"/>
    </testsuite>
    <testsuite name="Storage_factory_library_test" file="/home/vagrant/Code/docs-ci/application/tests/libraries/Storage_factory_library_test.php" tests="2" assertions="2" errors="0" failures="0" skipped="0" time="0.184609">
      <testcase name="test_client_with_existing_provider" class="Storage_factory_library_test" classname="Storage_factory_library_test" file="/home/vagrant/Code/docs-ci/application/tests/libraries/Storage_factory_library_test.php" line="14" assertions="1" time="0.145654"/>
      <testcase name="test_client_with_invalid_provider" class="Storage_factory_library_test" classname="Storage_factory_library_test" file="/home/vagrant/Code/docs-ci/application/tests/libraries/Storage_factory_library_test.php" line="19" assertions="1" time="0.038955"/>
    </testsuite>
    <testsuite name="User_model_test" file="/home/vagrant/Code/docs-ci/application/tests/models/User_model_test.php" tests="2" assertions="2" errors="0" failures="0" skipped="0" time="0.089022">
      <testcase name="test_check_preload_user_sysadmin" class="User_model_test" classname="User_model_test" file="/home/vagrant/Code/docs-ci/application/tests/models/User_model_test.php" line="11" assertions="1" time="0.045376"/>
      <testcase name="test_check_preload_user_user01" class="User_model_test" classname="User_model_test" file="/home/vagrant/Code/docs-ci/application/tests/models/User_model_test.php" line="19" assertions="1" time="0.043646"/>
    </testsuite>
  </testsuite>
</testsuites>
