<?xml version="1.0" encoding="UTF-8"?>
<testsuites>
  <testsuite name="CodeIgniter Application Test Suite" tests="16" assertions="23" errors="0" failures="0" skipped="0" time="0.818287">
    <testsuite name="Home_controller_test" file="/home/vagrant/Code/docs-ci/application/tests/controllers/Home_controller_test.php" tests="1" assertions="2" errors="0" failures="0" skipped="0" time="0.105218">
      <testcase name="test_index_redirect" class="Home_controller_test" classname="Home_controller_test" file="/home/vagrant/Code/docs-ci/application/tests/controllers/Home_controller_test.php" line="5" assertions="2" time="0.105218"/>
    </testsuite>
    <testsuite name="Login_controller_test" file="/home/vagrant/Code/docs-ci/application/tests/controllers/Login_controller_test.php" tests="1" assertions="1" errors="0" failures="0" skipped="0" time="0.056608">
      <testcase name="test_index" class="Login_controller_test" classname="Login_controller_test" file="/home/vagrant/Code/docs-ci/application/tests/controllers/Login_controller_test.php" line="5" assertions="1" time="0.056608"/>
    </testsuite>
    <testsuite name="Auth_library_test" file="/home/vagrant/Code/docs-ci/application/tests/libraries/Auth_library_test.php" tests="7" assertions="7" errors="0" failures="0" skipped="0" time="0.357589">
      <testcase name="test_get_user_by_right_credential" class="Auth_library_test" classname="Auth_library_test" file="/home/vagrant/Code/docs-ci/application/tests/libraries/Auth_library_test.php" line="20" assertions="1" time="0.066447"/>
      <testcase name="test_get_user_by_wrong_credential" class="Auth_library_test" classname="Auth_library_test" file="/home/vagrant/Code/docs-ci/application/tests/libraries/Auth_library_test.php" line="25" assertions="1" time="0.043101"/>
      <testcase name="test_get_user_by_right_authorization_header" class="Auth_library_test" classname="Auth_library_test" file="/home/vagrant/Code/docs-ci/application/tests/libraries/Auth_library_test.php" line="30" assertions="1" time="0.049847"/>
      <testcase name="test_get_user_by_wrong_authorization_header" class="Auth_library_test" classname="Auth_library_test" file="/home/vagrant/Code/docs-ci/application/tests/libraries/Auth_library_test.php" line="36" assertions="1" time="0.047269"/>
      <testcase name="test_get_user_by_session" class="Auth_library_test" classname="Auth_library_test" file="/home/vagrant/Code/docs-ci/application/tests/libraries/Auth_library_test.php" line="42" assertions="1" time="0.051418"/>
      <testcase name="test_system_is_admin" class="Auth_library_test" classname="Auth_library_test" file="/home/vagrant/Code/docs-ci/application/tests/libraries/Auth_library_test.php" line="57" assertions="1" time="0.050455"/>
      <testcase name="test_user01_is_not_admin" class="Auth_library_test" classname="Auth_library_test" file="/home/vagrant/Code/docs-ci/application/tests/libraries/Auth_library_test.php" line="62" assertions="1" time="0.049052"/>
    </testsuite>
    <testsuite name="Core_client_library_test" file="/home/vagrant/Code/docs-ci/application/tests/libraries/Core_client_library_test.php" tests="5" assertions="11" errors="0" failures="0" skipped="0" time="0.227946">
      <testcase name="test_empty_xml_response" class="Core_client_library_test" classname="Core_client_library_test" file="/home/vagrant/Code/docs-ci/application/tests/libraries/Core_client_library_test.php" line="12" assertions="2" time="0.047768"/>
      <testcase name="test_xml_response_with_console_message" class="Core_client_library_test" classname="Core_client_library_test" file="/home/vagrant/Code/docs-ci/application/tests/libraries/Core_client_library_test.php" line="19" assertions="2" time="0.048949"/>
      <testcase name="test_xml_response_with_location_message" class="Core_client_library_test" classname="Core_client_library_test" file="/home/vagrant/Code/docs-ci/application/tests/libraries/Core_client_library_test.php" line="32" assertions="2" time="0.046451"/>
      <testcase name="test_xml_response_with_output_message" class="Core_client_library_test" classname="Core_client_library_test" file="/home/vagrant/Code/docs-ci/application/tests/libraries/Core_client_library_test.php" line="45" assertions="3" time="0.045603"/>
      <testcase name="test_xml_response_with_output_message_and_post_update_action" class="Core_client_library_test" classname="Core_client_library_test" file="/home/vagrant/Code/docs-ci/application/tests/libraries/Core_client_library_test.php" line="61" assertions="2" time="0.039175"/>
    </testsuite>
    <testsuite name="User_model_test" file="/home/vagrant/Code/docs-ci/application/tests/models/User_model_test.php" tests="2" assertions="2" errors="0" failures="0" skipped="0" time="0.070926">
      <testcase name="test_check_preload_user_sysadmin" class="User_model_test" classname="User_model_test" file="/home/vagrant/Code/docs-ci/application/tests/models/User_model_test.php" line="11" assertions="1" time="0.036135"/>
      <testcase name="test_check_preload_user_user01" class="User_model_test" classname="User_model_test" file="/home/vagrant/Code/docs-ci/application/tests/models/User_model_test.php" line="19" assertions="1" time="0.034791"/>
    </testsuite>
  </testsuite>
</testsuites>
